<?xml version="1.0" encoding="UTF-8"?>
<!-- Generated by org.testng.reporters.JUnitXMLReporter -->
<testsuite ignored="2" hostname="DESKTOP-MUG33TE" failures="0" tests="2" name="firefox-1" time="55.947" errors="0" timestamp="2023-01-10T17:53:07 IST">
  <testcase classname="Product_Module.CreateProduct_POM_Test" name="addProduct" time="9.172"/>
  <testcase classname="Accounts_Module.CreateUserAccount_POM_Test" name="addUser" time="4.645"/>
  <testcase classname="com.sis.genericUtility.Base_Class" name="@AfterSuite configAS_SIS" time="0.0">
    <ignored/>
  </testcase> <!-- @AfterSuite configAS_SIS -->
  <testcase classname="com.sis.genericUtility.Base_Class" name="@BeforeSuite configBS_SIS" time="0.0">
    <ignored/>
  </testcase> <!-- @BeforeSuite configBS_SIS -->
</testsuite> <!-- firefox-1 -->
