<?xml version="1.0" encoding="UTF-8"?>
<!-- Generated by org.testng.reporters.JUnitXMLReporter -->
<testsuite ignored="2" hostname="DESKTOP-MUG33TE" failures="0" tests="2" name="firefox-2" time="49.045" errors="0" timestamp="2023-01-10T17:53:00 IST">
  <testcase classname="Customer_Module.CreateCustomer_POM_Test" name="addCustomer" time="7.646"/>
  <testcase classname="Employee_Module.CreateEmployee_POM_Test" name="addEmployee" time="4.735"/>
  <testcase classname="com.sis.genericUtility.Base_Class" name="@AfterSuite configAS_SIS" time="0.0">
    <ignored/>
  </testcase> <!-- @AfterSuite configAS_SIS -->
  <testcase classname="com.sis.genericUtility.Base_Class" name="@BeforeSuite configBS_SIS" time="0.0">
    <ignored/>
  </testcase> <!-- @BeforeSuite configBS_SIS -->
</testsuite> <!-- firefox-2 -->
