<?xml version="1.0" encoding="UTF-8"?>
<!-- Generated by org.testng.reporters.JUnitXMLReporter -->
<testsuite ignored="0" hostname="DESKTOP-MUG33TE" failures="1" tests="1" name="Test" time="18.508" errors="0" timestamp="2023-01-12T17:25:28 IST">
  <testcase classname="Customer_Module.CreateCustomer_POM_Test" name="addCustomer" time="2.571">
    <failure type="java.lang.AssertionError" message="null">
      <![CDATA[java.lang.AssertionError: null
at Customer_Module.CreateCustomer_POM_Test.addCustomer(CreateCustomer_POM_Test.java:25)
at java.base/java.util.ArrayList.forEach(ArrayList.java:1511)
at java.base/java.util.concurrent.FutureTask.run(FutureTask.java:264)
at java.base/java.util.concurrent.ThreadPoolExecutor.runWorker(ThreadPoolExecutor.java:1136)
at java.base/java.util.concurrent.ThreadPoolExecutor$Worker.run(ThreadPoolExecutor.java:635)
at java.base/java.lang.Thread.run(Thread.java:833)
... Removed 20 stack frames]]>
    </failure>
  </testcase> <!-- addCustomer -->
</testsuite> <!-- Test -->
